#
# A fatal error has been detected by the Java Runtime Environment:
#
#  EXCEPTION_ACCESS_VIOLATION (0xc0000005) at pc=0x0000000051e77b9f, pid=5196, tid=0x00000000000036a8
#
# JRE version: Java(TM) SE Runtime Environment (8.0_191-b12) (build 1.8.0_191-b12)
# Java VM: Java HotSpot(TM) 64-Bit Server VM (25.191-b12 mixed mode windows-amd64 compressed oops)
# Problematic frame:
# V  [jvm.dll+0xf7b9f]
#
# Failed to write core dump. Minidumps are not enabled by default on client versions of Windows
#
# If you would like to submit a bug report, please visit:
#   http://bugreport.java.com/bugreport/crash.jsp
#

---------------  T H R E A D  ---------------

Current thread (0x00000000175e8000):  VMThread [stack: 0x0000000018670000,0x0000000018770000] [id=13992]

siginfo: ExceptionCode=0xc0000005, reading address 0x0000000017223258

Registers:
RAX=0x00000000001940a0, RBX=0x0000000000000000, RCX=0x000000001708f1a8, RDX=0x000000000000ca05
RSP=0x000000001876ebe8, RBP=0x000000001876f160, RSI=0x000000001876f2f0, RDI=0x000000001876f2f0
R8 =0x0000000000000000, R9 =0x000000001708e310, R10=0x0000000000000008, R11=0x000000001708eafc
R12=0x000000001907b0b0, R13=0x000000001876f120, R14=0x00000000000003d8, R15=0x000000001876f110
RIP=0x0000000051e77b9f, EFLAGS=0x0000000000010206

Top of Stack: (sp=0x000000001876ebe8)
0x000000001876ebe8:   0000000051e7f600 000000001876f230
0x000000001876ebf8:   0000000000000000 000000001876f2f0
0x000000001876ec08:   0000000000000000 000000001876f230
0x000000001876ec18:   0000000000000000 0000000052388f18
0x000000001876ec28:   0000000002a4b260 0000000000000017
0x000000001876ec38:   000000000000000e 000000001876ec60
0x000000001876ec48:   0000000000000002 0000000000000000
0x000000001876ec58:   0000000000000002 4fffffff4fffffff
0x000000001876ec68:   000000002fffffff 4fffffff4fffffff
0x000000001876ec78:   000000002fffffff 0000000000000000
0x000000001876ec88:   0000000000000004 0000000000000022
0x000000001876ec98:   0000000000000000 00006f451cfcee53
0x000000001876eca8:   00007ffacfca2b55 000000001876f2f0
0x000000001876ecb8:   0000000051e7f786 0000000000000218
0x000000001876ecc8:   0000000000000000 000000001876f2f0
0x000000001876ecd8:   000000001876ece0 00006f4500000000 

Instructions: (pc=0x0000000051e77b9f)
0x0000000051e77b7f:   74 3e 85 d2 79 13 f7 d2 48 63 c2 48 c1 e0 05 48
0x0000000051e77b8f:   8b 44 08 10 0f b7 c0 eb 12 48 63 c2 48 c1 e0 05
0x0000000051e77b9f:   48 8b 44 08 10 0f b7 d0 48 63 c2 41 0f b7 4c c1
0x0000000051e77baf:   52 48 63 c1 41 0f b7 44 c1 52 49 8b 44 c1 50 c3 


Register to memory mapping:

RAX=0x00000000001940a0 is an unknown value
RBX=0x0000000000000000 is an unknown value
RCX=0x000000001708f1a8 is pointing into metadata
RDX=0x000000000000ca05 is an unknown value
RSP=0x000000001876ebe8 is an unknown value
RBP=0x000000001876f160 is an unknown value
RSI=0x000000001876f2f0 is an unknown value
RDI=0x000000001876f2f0 is an unknown value
R8 =0x0000000000000000 is an unknown value
R9 =0x000000001708e310 is pointing into metadata
R10=0x0000000000000008 is an unknown value
R11=0x000000001708eafc is pointing into metadata
R12=0x000000001907b0b0 is an unknown value
R13=0x000000001876f120 is an unknown value
R14=0x00000000000003d8 is an unknown value
R15=0x000000001876f110 is an unknown value


Stack: [0x0000000018670000,0x0000000018770000],  sp=0x000000001876ebe8,  free space=1018k
Native frames: (J=compiled Java code, j=interpreted, Vv=VM code, C=native code)
V  [jvm.dll+0xf7b9f]

VM_Operation (0x0000000018d6f4b0): GetOrSetLocal, mode: safepoint, requested by thread 0x000000001763d800


---------------  P R O C E S S  ---------------

Java Threads: ( => current thread )
  0x0000000019070800 JavaThread "Service Thread" daemon [_thread_blocked, id=13644, stack(0x0000000019670000,0x0000000019770000)]
  0x0000000018ff0000 JavaThread "C1 CompilerThread2" daemon [_thread_blocked, id=2972, stack(0x0000000019570000,0x0000000019670000)]
  0x0000000018fef000 JavaThread "C2 CompilerThread1" daemon [_thread_blocked, id=1324, stack(0x0000000019470000,0x0000000019570000)]
  0x000000001767d000 JavaThread "C2 CompilerThread0" daemon [_thread_blocked, id=13512, stack(0x0000000019370000,0x0000000019470000)]
  0x0000000017643000 JavaThread "JDWP Command Reader" daemon [_thread_in_native, id=6224, stack(0x0000000018e70000,0x0000000018f70000)]
  0x000000001763f800 JavaThread "JDWP Event Helper Thread" daemon [_thread_blocked, id=348, stack(0x0000000018d70000,0x0000000018e70000)]
  0x000000001763d800 JavaThread "JDWP Transport Listener: dt_socket" daemon [_thread_blocked, id=16336, stack(0x0000000018c70000,0x0000000018d70000)]
  0x0000000017629000 JavaThread "Attach Listener" daemon [_thread_blocked, id=1208, stack(0x0000000018b70000,0x0000000018c70000)]
  0x0000000002afe800 JavaThread "Signal Dispatcher" daemon [_thread_blocked, id=11296, stack(0x0000000018a70000,0x0000000018b70000)]
  0x0000000002af9000 JavaThread "Finalizer" daemon [_thread_blocked, id=12196, stack(0x0000000018870000,0x0000000018970000)]
  0x0000000002af3000 JavaThread "Reference Handler" daemon [_thread_blocked, id=15364, stack(0x0000000018770000,0x0000000018870000)]
  0x0000000002a03800 JavaThread "main" [_thread_blocked, id=8180, stack(0x0000000002710000,0x0000000002810000)]

Other Threads:
=>0x00000000175e8000 VMThread [stack: 0x0000000018670000,0x0000000018770000] [id=13992]
  0x000000001909c000 WatcherThread [stack: 0x0000000019770000,0x0000000019870000] [id=14188]

VM state:at safepoint (normal execution)

VM Mutex/Monitor currently owned by a thread:  ([mutex/lock_event])
[0x0000000002a00fd0] Threads_lock - owner thread: 0x00000000175e8000

Heap:
 PSYoungGen      total 38400K, used 4012K [0x00000000d5f80000, 0x00000000d8a00000, 0x0000000100000000)
  eden space 33280K, 12% used [0x00000000d5f80000,0x00000000d636b218,0x00000000d8000000)
  from space 5120K, 0% used [0x00000000d8500000,0x00000000d8500000,0x00000000d8a00000)
  to   space 5120K, 0% used [0x00000000d8000000,0x00000000d8000000,0x00000000d8500000)
 ParOldGen       total 87552K, used 0K [0x0000000081e00000, 0x0000000087380000, 0x00000000d5f80000)
  object space 87552K, 0% used [0x0000000081e00000,0x0000000081e00000,0x0000000087380000)
 Metaspace       used 3803K, capacity 4714K, committed 4864K, reserved 1056768K
  class space    used 422K, capacity 466K, committed 512K, reserved 1048576K

Card table byte_map: [0x0000000011ec0000,0x00000000122c0000] byte_map_base: 0x0000000011ab1000

Marking Bits: (ParMarkBitMap*) 0x00000000525a3e30
 Begin Bits: [0x0000000012970000, 0x00000000148f8000)
 End Bits:   [0x00000000148f8000, 0x0000000016880000)

Polling page: 0x0000000000bb0000

CodeCache: size=245760Kb used=1236Kb max_used=1236Kb free=244523Kb
 bounds [0x0000000002b00000, 0x0000000002d70000, 0x0000000011b00000]
 total_blobs=333 nmethods=87 adapters=167
 compilation: enabled

Compilation events (10 events):
Event: 0.267 Thread 0x0000000018ff0000   80       3       java.util.HashSet::add (20 bytes)
Event: 0.267 Thread 0x0000000018ff0000 nmethod 80 0x0000000002c32f90 code [0x0000000002c33120, 0x0000000002c33638]
Event: 0.268 Thread 0x0000000018ff0000   84       1       java.nio.Buffer::limit (5 bytes)
Event: 0.268 Thread 0x0000000018ff0000 nmethod 84 0x0000000002c34250 code [0x0000000002c343a0, 0x0000000002c344b0]
Event: 4.786 Thread 0x0000000018ff0000   85       3       java.nio.CharBuffer::arrayOffset (35 bytes)
Event: 4.786 Thread 0x0000000018ff0000 nmethod 85 0x0000000002c34510 code [0x0000000002c346a0, 0x0000000002c34998]
Event: 4.787 Thread 0x0000000018ff0000   86       3       java.lang.AbstractStringBuilder::<init> (12 bytes)
Event: 4.788 Thread 0x0000000018ff0000 nmethod 86 0x0000000002c34ad0 code [0x0000000002c34c40, 0x0000000002c34e90]
Event: 4.788 Thread 0x0000000018ff0000   87       3       java.nio.Buffer::position (43 bytes)
Event: 4.788 Thread 0x0000000018ff0000 nmethod 87 0x0000000002c34f50 code [0x0000000002c350c0, 0x0000000002c353a8]

GC Heap History (0 events):
No events

Deoptimization events (0 events):
No events

Classes redefined (3 events):
Event: 428.823 Thread 0x00000000175e8000 redefined class name=com.company.Main, count=1
Event: 498.705 Thread 0x00000000175e8000 redefined class name=com.company.Main, count=2
Event: 763.058 Thread 0x00000000175e8000 redefined class name=com.company.Main, count=3

Internal exceptions (6 events):
Event: 0.042 Thread 0x0000000002a03800 Exception <a 'java/lang/NoSuchMethodError': Method sun.misc.Unsafe.defineClass(Ljava/lang/String;[BII)Ljava/lang/Class; name or signature does not match> (0x00000000d5f87cb0) thrown at [C:\re\workspace\8-2-build-windows-amd64-cygwin\jdk8u191\11896\hotspot
Event: 0.042 Thread 0x0000000002a03800 Exception <a 'java/lang/NoSuchMethodError': Method sun.misc.Unsafe.prefetchRead(Ljava/lang/Object;J)V name or signature does not match> (0x00000000d5f87f98) thrown at [C:\re\workspace\8-2-build-windows-amd64-cygwin\jdk8u191\11896\hotspot\src\share\vm\prim
Event: 0.255 Thread 0x0000000002a03800 Exception <a 'java/security/PrivilegedActionException'> (0x00000000d62e0580) thrown at [C:\re\workspace\8-2-build-windows-amd64-cygwin\jdk8u191\11896\hotspot\src\share\vm\prims\jvm.cpp, line 1435]
Event: 0.255 Thread 0x0000000002a03800 Exception <a 'java/security/PrivilegedActionException'> (0x00000000d62e0978) thrown at [C:\re\workspace\8-2-build-windows-amd64-cygwin\jdk8u191\11896\hotspot\src\share\vm\prims\jvm.cpp, line 1435]
Event: 0.256 Thread 0x0000000002a03800 Exception <a 'java/security/PrivilegedActionException'> (0x00000000d62e4a70) thrown at [C:\re\workspace\8-2-build-windows-amd64-cygwin\jdk8u191\11896\hotspot\src\share\vm\prims\jvm.cpp, line 1435]
Event: 0.256 Thread 0x0000000002a03800 Exception <a 'java/security/PrivilegedActionException'> (0x00000000d62e4e68) thrown at [C:\re\workspace\8-2-build-windows-amd64-cygwin\jdk8u191\11896\hotspot\src\share\vm\prims\jvm.cpp, line 1435]

Events (10 events):
Event: 755.965 Executing VM operation: ChangeBreakpoints done
Event: 755.970 Executing VM operation: ChangeBreakpoints
Event: 755.970 Executing VM operation: ChangeBreakpoints done
Event: 763.043 Executing VM operation: ChangeBreakpoints
Event: 763.043 Executing VM operation: ChangeBreakpoints done
Event: 763.057 Executing VM operation: RedefineClasses
Event: 763.058 Executing VM operation: RedefineClasses done
Event: 763.105 Executing VM operation: ChangeBreakpoints
Event: 763.105 Executing VM operation: ChangeBreakpoints done
Event: 763.108 Executing VM operation: GetOrSetLocal


Dynamic libraries:
0x00007ff78ca20000 - 0x00007ff78ca57000 	C:\Program Files\Java\jdk1.8.0_191\bin\java.exe
0x00007ffacfc90000 - 0x00007ffacfe71000 	C:\WINDOWS\SYSTEM32\ntdll.dll
0x00007ffacdb80000 - 0x00007ffacdc32000 	C:\WINDOWS\System32\KERNEL32.DLL
0x00007ffaccb30000 - 0x00007ffaccda3000 	C:\WINDOWS\System32\KERNELBASE.dll
0x00007ffacdf90000 - 0x00007fface031000 	C:\WINDOWS\System32\ADVAPI32.dll
0x00007ffacdd50000 - 0x00007ffacddee000 	C:\WINDOWS\System32\msvcrt.dll
0x00007ffacf800000 - 0x00007ffacf85b000 	C:\WINDOWS\System32\sechost.dll
0x00007ffacd240000 - 0x00007ffacd364000 	C:\WINDOWS\System32\RPCRT4.dll
0x00007ffacd7c0000 - 0x00007ffacd950000 	C:\WINDOWS\System32\USER32.dll
0x00007ffacc060000 - 0x00007ffacc080000 	C:\WINDOWS\System32\win32u.dll
0x00007ffacd190000 - 0x00007ffacd1b8000 	C:\WINDOWS\System32\GDI32.dll
0x00007ffacc0e0000 - 0x00007ffacc272000 	C:\WINDOWS\System32\gdi32full.dll
0x00007ffacc280000 - 0x00007ffacc31f000 	C:\WINDOWS\System32\msvcp_win.dll
0x00007ffacc320000 - 0x00007ffacc41a000 	C:\WINDOWS\System32\ucrtbase.dll
0x00007ffab7680000 - 0x00007ffab78e9000 	C:\WINDOWS\WinSxS\amd64_microsoft.windows.common-controls_6595b64144ccf1df_6.0.17134.345_none_fb429a5930656358\COMCTL32.dll
0x00007ffacf860000 - 0x00007ffacfb83000 	C:\WINDOWS\System32\combase.dll
0x00007ffaccdb0000 - 0x00007ffacce2a000 	C:\WINDOWS\System32\bcryptPrimitives.dll
0x00007ffacdc50000 - 0x00007ffacdc7d000 	C:\WINDOWS\System32\IMM32.DLL
0x0000000052630000 - 0x0000000052702000 	C:\Program Files\Java\jdk1.8.0_191\jre\bin\msvcr100.dll
0x0000000051d80000 - 0x0000000052624000 	C:\Program Files\Java\jdk1.8.0_191\jre\bin\server\jvm.dll
0x00007ffacd180000 - 0x00007ffacd188000 	C:\WINDOWS\System32\PSAPI.DLL
0x00007ffac8de0000 - 0x00007ffac8de9000 	C:\WINDOWS\SYSTEM32\WSOCK32.dll
0x00007ffac9f90000 - 0x00007ffac9fb3000 	C:\WINDOWS\SYSTEM32\WINMM.dll
0x00007ffabd630000 - 0x00007ffabd63a000 	C:\WINDOWS\SYSTEM32\VERSION.dll
0x00007ffacdc80000 - 0x00007ffacdcec000 	C:\WINDOWS\System32\WS2_32.dll
0x00007ffac9e70000 - 0x00007ffac9e9a000 	C:\WINDOWS\SYSTEM32\winmmbase.dll
0x00007ffacce30000 - 0x00007ffacce79000 	C:\WINDOWS\System32\cfgmgr32.dll
0x0000000051d70000 - 0x0000000051d7f000 	C:\Program Files\Java\jdk1.8.0_191\jre\bin\verify.dll
0x0000000051d40000 - 0x0000000051d69000 	C:\Program Files\Java\jdk1.8.0_191\jre\bin\java.dll
0x0000000051ce0000 - 0x0000000051d15000 	C:\Program Files\Java\jdk1.8.0_191\jre\bin\jdwp.dll
0x0000000051cd0000 - 0x0000000051cd8000 	C:\Program Files\Java\jdk1.8.0_191\jre\bin\npt.dll
0x0000000051ca0000 - 0x0000000051cc3000 	C:\Program Files\Java\jdk1.8.0_191\jre\bin\instrument.dll
0x0000000051d20000 - 0x0000000051d36000 	C:\Program Files\Java\jdk1.8.0_191\jre\bin\zip.dll
0x00007fface040000 - 0x00007ffacf47f000 	C:\WINDOWS\System32\SHELL32.dll
0x00007ffacdad0000 - 0x00007ffacdb79000 	C:\WINDOWS\System32\shcore.dll
0x00007ffacc420000 - 0x00007ffaccb2d000 	C:\WINDOWS\System32\windows.storage.dll
0x00007ffacf7a0000 - 0x00007ffacf7f1000 	C:\WINDOWS\System32\shlwapi.dll
0x00007ffacc020000 - 0x00007ffacc031000 	C:\WINDOWS\System32\kernel.appcore.dll
0x00007ffacc000000 - 0x00007ffacc01f000 	C:\WINDOWS\System32\profapi.dll
0x00007ffacbfb0000 - 0x00007ffacbffc000 	C:\WINDOWS\System32\powrprof.dll
0x00007ffacbfa0000 - 0x00007ffacbfaa000 	C:\WINDOWS\System32\FLTLIB.DLL
0x0000000051c90000 - 0x0000000051c99000 	C:\Program Files\Java\jdk1.8.0_191\jre\bin\dt_socket.dll
0x00007ffacb7c0000 - 0x00007ffacb826000 	C:\WINDOWS\system32\mswsock.dll
0x00007ffabb9e0000 - 0x00007ffabbba9000 	C:\WINDOWS\SYSTEM32\dbghelp.dll

VM Arguments:
jvm_args: -agentlib:jdwp=transport=dt_socket,address=127.0.0.1:59029,suspend=y,server=n -javaagent:C:\Users\DmitryB\.IdeaIC2018.2\system\captureAgent\debugger-agent.jar=file:/C:/Users/DmitryB/AppData/Local/Temp/capture.props -Dfile.encoding=UTF-8 
java_command: com.company.Main 1 8 5 2 7 6 6
java_class_path (initial): C:\Program Files\Java\jdk1.8.0_191\jre\lib\charsets.jar;C:\Program Files\Java\jdk1.8.0_191\jre\lib\deploy.jar;C:\Program Files\Java\jdk1.8.0_191\jre\lib\ext\access-bridge-64.jar;C:\Program Files\Java\jdk1.8.0_191\jre\lib\ext\cldrdata.jar;C:\Program Files\Java\jdk1.8.0_191\jre\lib\ext\dnsns.jar;C:\Program Files\Java\jdk1.8.0_191\jre\lib\ext\jaccess.jar;C:\Program Files\Java\jdk1.8.0_191\jre\lib\ext\jfxrt.jar;C:\Program Files\Java\jdk1.8.0_191\jre\lib\ext\localedata.jar;C:\Program Files\Java\jdk1.8.0_191\jre\lib\ext\nashorn.jar;C:\Program Files\Java\jdk1.8.0_191\jre\lib\ext\sunec.jar;C:\Program Files\Java\jdk1.8.0_191\jre\lib\ext\sunjce_provider.jar;C:\Program Files\Java\jdk1.8.0_191\jre\lib\ext\sunmscapi.jar;C:\Program Files\Java\jdk1.8.0_191\jre\lib\ext\sunpkcs11.jar;C:\Program Files\Java\jdk1.8.0_191\jre\lib\ext\zipfs.jar;C:\Program Files\Java\jdk1.8.0_191\jre\lib\javaws.jar;C:\Program Files\Java\jdk1.8.0_191\jre\lib\jce.jar;C:\Program Files\Java\jdk1.8.0_191\jre\lib\jfr.jar;C:\Program Files\Java\jdk1.8.0_191\jre\lib\jfxswt.jar;C:\Program Files\Java\jdk1.8.0_191\jre\lib\jsse.jar;C:\Program Files\Java\jdk1.8.0_191\jre\lib\management-agent.jar;C:\Program Files\Java\jdk1.8.0_191\jre\lib\plugin.jar;C:\Program Files\Java\jdk1.8.0_191\jre\lib\resources.jar;C:\Program Files\Java\jdk1.8.0_191\jre\lib\rt.jar;C:\Users\DmitryB\IdeaProjects\buk14\out\production\buk14;C:\Program Files\JetBrains\IntelliJ IDEA Community Edition 2018.2.5\lib\idea_rt.jar;C:\Users\DmitryB\.IdeaIC2018.2\system\captureAgent\debugger-agent.jar
Launcher Type: SUN_STANDARD

Environment Variables:
PATH=C:\Program Files (x86)\Common Files\Oracle\Java\javapath;C:\ProgramData\Oracle\Java\javapath;D:\app\DmitryB\product\11.2.0\client_1\bin;C:\Program Files (x86)\Intel\iCLS Client\;C:\Program Files\Intel\iCLS Client\;C:\WINDOWS\system32;C:\WINDOWS;C:\WINDOWS\System32\Wbem;C:\WINDOWS\System32\WindowsPowerShell\v1.0\;C:\Program Files (x86)\Intel\Intel(R) Management Engine Components\DAL;C:\Program Files\Intel\Intel(R) Management Engine Components\DAL;C:\Program Files (x86)\Intel\Intel(R) Management Engine Components\IPT;C:\Program Files\Intel\Intel(R) Management Engine Components\IPT;C:\Program Files (x86)\Skype\Phone\;C:\WINDOWS\System32\OpenSSH\;C:\Users\DmitryB\AppData\Local\Microsoft\WindowsApps;
USERNAME=DmitryB
OS=Windows_NT
PROCESSOR_IDENTIFIER=Intel64 Family 6 Model 94 Stepping 3, GenuineIntel



---------------  S Y S T E M  ---------------

OS: Windows 10.0 , 64 bit Build 17134 (10.0.17134.1)

CPU:total 4 (initial active 4) (4 cores per cpu, 1 threads per core) family 6 model 94 stepping 3, cmov, cx8, fxsr, mmx, sse, sse2, sse3, ssse3, sse4.1, sse4.2, popcnt, avx, avx2, aes, clmul, erms, rtm, 3dnowpref, lzcnt, tsc, tscinvbit, bmi1, bmi2, adx

Memory: 4k page, physical 8258664k(1900440k free), swap 21890152k(5830092k free)

vm_info: Java HotSpot(TM) 64-Bit Server VM (25.191-b12) for windows-amd64 JRE (1.8.0_191-b12), built on Oct  6 2018 09:29:03 by "java_re" with MS VC++ 10.0 (VS2010)

time: Mon Oct 29 16:19:35 2018
elapsed time: 763 seconds (0d 0h 12m 43s)

